[debug] [2024-05-03T00:42:29.464Z] ----------------------------------------------------------------------
[debug] [2024-05-03T00:42:29.467Z] Command:       C:\Program Files\nodejs\node.exe C:\Users\user 2\AppData\Roaming\npm\node_modules\firebase-tools\lib\bin\firebase.js init
[debug] [2024-05-03T00:42:29.468Z] CLI Version:   13.8.0
[debug] [2024-05-03T00:42:29.468Z] Platform:      win32
[debug] [2024-05-03T00:42:29.468Z] Node Version:  v20.12.1
[debug] [2024-05-03T00:42:29.468Z] Time:          Fri May 03 2024 08:42:29 GMT+0800 (Philippine Standard Time)
[debug] [2024-05-03T00:42:29.468Z] ----------------------------------------------------------------------
[debug] 
[debug] [2024-05-03T00:42:29.474Z] > command requires scopes: ["email","openid","https://www.googleapis.com/auth/cloudplatformprojects.readonly","https://www.googleapis.com/auth/firebase","https://www.googleapis.com/auth/cloud-platform"]
[debug] [2024-05-03T00:42:29.475Z] > authorizing via signed-in user (hearttytabz@gmail.com)
[info] 
     ######## #### ########  ######## ########     ###     ######  ########
     ##        ##  ##     ## ##       ##     ##  ##   ##  ##       ##
     ######    ##  ########  ######   ########  #########  ######  ######
     ##        ##  ##    ##  ##       ##     ## ##     ##       ## ##
     ##       #### ##     ## ######## ########  ##     ##  ######  ########

You're about to initialize a Firebase project in this directory:

  C:\dev\ion-t-taborno

Before we get started, keep in mind:

  * You are currently outside your home directory

